<?xml version="1.0" encoding="UTF-8"?>
<!-- Generated by org.testng.reporters.JUnitReportReporter -->
<testsuite skipped="0" hostname="XE-TMAC-AMITKUMAR1" name="com.automation.tests.NegativeTests" tests="1" failures="0" timestamp="24 Jan 2019 01:08:02 GMT" time="1.658" errors="0">
  <testcase name="Test01_computerNameError" time="1.658" classname="com.automation.tests.NegativeTests"/>
</testsuite> <!-- com.automation.tests.NegativeTests -->
