<?xml version="1.0" encoding="UTF-8"?>
<!-- Generated by org.testng.reporters.JUnitReportReporter -->
<testsuite skipped="0" hostname="XE-TMAC-AMITKUMAR1" name="com.automation.tests.UpdateComputersTest" tests="1" failures="0" timestamp="24 Jan 2019 01:08:02 GMT" time="14.800" errors="0">
  <testcase name="Test01_updateComputerWithAllFields" time="14.800" classname="com.automation.tests.UpdateComputersTest"/>
</testsuite> <!-- com.automation.tests.UpdateComputersTest -->
