<?xml version="1.0" encoding="UTF-8"?>
<!-- Generated by org.testng.reporters.JUnitReportReporter -->
<testsuite skipped="0" hostname="XE-TMAC-AMITKUMAR1" name="com.automation.tests.DeleteComputersTest" tests="1" failures="0" timestamp="24 Jan 2019 01:08:02 GMT" time="6.475" errors="0">
  <testcase name="Test01_deleteComputer" time="6.475" classname="com.automation.tests.DeleteComputersTest"/>
</testsuite> <!-- com.automation.tests.DeleteComputersTest -->
