<?xml version="1.0" encoding="UTF-8"?>
<!-- Generated by org.testng.reporters.JUnitReportReporter -->
<testsuite skipped="0" hostname="GGN000187848001" name="com.r1rcm.tests.SearchTest2" tests="1" failures="0" timestamp="03 Aug 2019 11:06:28 GMT" time="25.210" errors="0">
  <testcase name="textSearch_Test" time="25.210" classname="com.r1rcm.tests.SearchTest2"/>
</testsuite> <!-- com.r1rcm.tests.SearchTest2 -->
